#
# A fatal error has been detected by the Java Runtime Environment:
#
#  EXCEPTION_ACCESS_VIOLATION (0xc0000005) at pc=0x00007ffa4aec26c4, pid=24276, tid=4016
#
# JRE version: OpenJDK Runtime Environment (24.0.1+9) (build 24.0.1+9-30)
# Java VM: OpenJDK 64-Bit Server VM (24.0.1+9-30, mixed mode, sharing, tiered, compressed oops, compressed class ptrs, g1 gc, windows-amd64)
# Problematic frame:
# C  [libasyncProfiler.dll+0x926c4]
#
# No core dump will be written. Minidumps are not enabled by default on client versions of Windows
#
# JFR recording file will be written. Location: C:\Users\DELL\IdeaProjects\NavigationSystem\hs_err_pid24276.jfr
#
# If you would like to submit a bug report, please visit:
#   https://bugreport.java.com/bugreport/crash.jsp
# The crash happened outside the Java Virtual Machine in native code.
# See problematic frame for where to report the bug.
#

---------------  S U M M A R Y ------------

Command Line: -javaagent:C:\Program Files\JetBrains\IntelliJ IDEA 2025.1.2\lib\idea_rt.jar=50443 -Dfile.encoding=UTF-8 -Dsun.stdout.encoding=UTF-8 -Dsun.stderr.encoding=UTF-8 Map

Host: 11th Gen Intel(R) Core(TM) i5-1145G7 @ 2.60GHz, 8 cores, 15G,  Windows 11 , 64 bit Build 26100 (10.0.26100.4202)
Time: Tue Jun 10 17:17:05 2025 Malay Peninsula Standard Time elapsed time: 13.166465 seconds (0d 0h 0m 13s)

---------------  T H R E A D  ---------------

Current thread (0x0000021c5b5b5f80):  JavaThread "Attach Listener" daemon [_thread_in_native, id=4016, stack(0x000000e80df00000,0x000000e80e000000) (1024K)]

Stack: [0x000000e80df00000,0x000000e80e000000],  sp=0x000000e80dfff2a0,  free space=1020k
Native frames: (J=compiled Java code, j=interpreted, Vv=VM code, C=native code)
C  [libasyncProfiler.dll+0x926c4]  (no source info available)
C  [libasyncProfiler.dll+0x92b9b]  (no source info available)
C  [libasyncProfiler.dll+0x917f4]  (no source info available)
C  [libasyncProfiler.dll+0x9206a]  (no source info available)
C  [libasyncProfiler.dll+0x8cc21]  (no source info available)
C  [libasyncProfiler.dll+0x7e5e1]  (no source info available)
C  [libasyncProfiler.dll+0x7d2f8]  (no source info available)
C  [libasyncProfiler.dll+0x7d1e0]  (no source info available)
C  [libasyncProfiler.dll+0x841b9]  (no source info available)
V  [jvm.dll+0x57eff7]  (no source info available)
V  [jvm.dll+0x57fdac]  (no source info available)
V  [jvm.dll+0x14ca17]  (no source info available)
V  [jvm.dll+0x14dfe1]  (no source info available)
V  [jvm.dll+0x42f456]  (no source info available)
V  [jvm.dll+0x87d76b]  (no source info available)
V  [jvm.dll+0x72ee55]  (no source info available)
C  [ucrtbase.dll+0x37b0]  (no source info available)
C  [KERNEL32.DLL+0x2e8d7]  (no source info available)
C  [ntdll.dll+0x3c34c]  (no source info available)


siginfo: EXCEPTION_ACCESS_VIOLATION (0xc0000005), reading address 0xffffffffffffffff


Registers:
RAX=0x0000000000000010, RBX=0x0000000000000000, RCX=0xffffffffffffffff, RDX=0x007ffa3ea3300010
RSP=0x000000e80dfff2a0, RBP=0x0000021c5b94a300, RSI=0x000000e80dfff410, RDI=0x0000021c5b94a300
R8 =0x0000000000000042, R9 =0x0000000714411c48, R10=0x00007ffa3eca9fb0, R11=0x0000000000000002
R12=0x000000e80dfff410, R13=0x0000021ca167aa60, R14=0x0000021c5b5b6348, R15=0x0000021c5b5b6348
RIP=0x00007ffa4aec26c4, EFLAGS=0x0000000000010202

XMM[0]=0x0000000000000000 0x0000000000000000
XMM[1]=0x0000000000000000 0x0000000000000000
XMM[2]=0x0000000000000000 0x0000000000000000
XMM[3]=0x0000000000000000 0x0000000000000000
XMM[4]=0x0000000000000000 0x0000000000000000
XMM[5]=0x0000000000000000 0x0000000000000000
XMM[6]=0x0000000000000000 0x0000000000000000
XMM[7]=0x0000000000000000 0x0000000000000000
XMM[8]=0x0000000000000000 0x0000000000000000
XMM[9]=0x0000000000000000 0x0000000000000000
XMM[10]=0x0000000000000000 0x0000000000000000
XMM[11]=0x0000000000000000 0x0000000000000000
XMM[12]=0x0000000000000000 0x0000000000000000
XMM[13]=0x0000000000000000 0x0000000000000000
XMM[14]=0x0000000000000000 0x0000000000000000
XMM[15]=0x0000000000000000 0x0000000000000000
  MXCSR=0x00001fa0


Register to memory mapping:

RAX=0x0000000000000010 is an unknown value
RBX=0x0 is null
RCX=0xffffffffffffffff is an unknown value
RDX=0x007ffa3ea3300010 is an unknown value
RSP=0x000000e80dfff2a0 is pointing into the stack for thread: 0x0000021c5b5b5f80
RBP=0x0000021c5b94a300 points into unknown readable memory: 0x0000000714411c48 | 48 1c 41 14 07 00 00 00
RSI=0x000000e80dfff410 is pointing into the stack for thread: 0x0000021c5b5b5f80
RDI=0x0000021c5b94a300 points into unknown readable memory: 0x0000000714411c48 | 48 1c 41 14 07 00 00 00
R8 =0x0000000000000042 is an unknown value
R9 =0x0000000714411c48 is an oop: java.lang.ref.Reference$ReferenceHandler 
{0x0000000714411c48} - klass: 'java/lang/ref/Reference$ReferenceHandler' - flags: 

 - ---- fields (total size 14 words):
 - 'threadLocalRandomProbe' 'I' @12  0 (0x00000000)
 - private volatile 'eetop' 'J' @16  2320815019152 (0x0000021c5b5ad490)
 - private final 'tid' 'J' @24  14 (0x000000000000000e)
 - 'threadLocalRandomSeed' 'J' @32  0 (0x0000000000000000)
 - injected 'jvmti_thread_state' 'J' @40  2321988931056 (0x0000021ca1534df0)
 - 'threadLocalRandomSecondarySeed' 'I' @48  0 (0x00000000)
 - injected 'jvmti_VTMS_transition_disable_count' 'I' @52  0 (0x00000000)
 - injected 'jfr_epoch' 'S' @56  0 (0x0000)
 - volatile 'interrupted' 'Z' @58  false (0x00)
 - injected 'jvmti_is_in_VTMS_transition' 'Z' @59  false (0x00)
 - private volatile 'name' 'Ljava/lang/String;' @60  "Reference Handler"{0x00000007ffe0a468} (0xfffc148d)
 - private volatile 'contextClassLoader' 'Ljava/lang/ClassLoader;' @64  null (0x00000000)
 - private final 'holder' 'Ljava/lang/Thread$FieldHolder;' @68  a 'java/lang/Thread$FieldHolder'{0x0000000714411cc8} (0xe2882399)
 - 'threadLocals' 'Ljava/lang/ThreadLocal$ThreadLocalMap;' @72  null (0x00000000)
 - 'inheritableThreadLocals' 'Ljava/lang/ThreadLocal$ThreadLocalMap;' @76  null (0x00000000)
 - private 'scopedValueBindings' 'Ljava/lang/Object;' @80  a 'java/lang/Class'{0x00000007ffe7c258} = 'java/lang/Thread' (0xfffcf84b)
 - final 'interruptLock' 'Ljava/lang/Object;' @84  a 'java/lang/Object'{0x0000000714411cb8} (0xe2882397)
 - private volatile 'parkBlocker' 'Ljava/lang/Object;' @88  null (0x00000000)
 - private 'nioBlocker' 'Lsun/nio/ch/Interruptible;' @92  null (0x00000000)
 - private 'cont' 'Ljdk/internal/vm/Continuation;' @96  null (0x00000000)
 - private volatile 'uncaughtExceptionHandler' 'Ljava/lang/Thread$UncaughtExceptionHandler;' @100  null (0x00000000)
 - private 'container' 'Ljdk/internal/vm/ThreadContainer;' @104  null (0x00000000)
 - private volatile 'headStackableScopes' 'Ljdk/internal/vm/StackableScope;' @108  null (0x00000000)
R10=0x00007ffa3eca9fb0 jvm.dll
R11=0x0000000000000002 is an unknown value
R12=0x000000e80dfff410 is pointing into the stack for thread: 0x0000021c5b5b5f80
R13=0x0000021ca167aa60 points into unknown readable memory: 0x00007ffa3ec1a510 | 10 a5 c1 3e fa 7f 00 00
R14=0x0000021c5b5b6348 points into unknown readable memory: 0x00007ffa3ec117b0 | b0 17 c1 3e fa 7f 00 00
R15=0x0000021c5b5b6348 points into unknown readable memory: 0x00007ffa3ec117b0 | b0 17 c1 3e fa 7f 00 00

Top of Stack: (sp=0x000000e80dfff2a0)
0x000000e80dfff2a0:   000000e80dfff410 0000021c5b94a300   ...........[....
0x000000e80dfff2b0:   0000000000000000 0000021c5b5b66d0   .........f[[....
0x000000e80dfff2c0:   0000000000000024 00007ffa4aec2b9b   $........+.J....
0x000000e80dfff2d0:   0000000000000000 0000021c5b5b6348   ........Hc[[....
0x000000e80dfff2e0:   000000e80dfff401 0000000000000000   ................
0x000000e80dfff2f0:   0000021ca45c1e40 00007ffa4aec17f4   @.\........J....
0x000000e80dfff300:   0000000000000000 0000000000000024   ........$.......
0x000000e80dfff310:   0000000000000000 0000000000000024   ........$.......
0x000000e80dfff320:   0000001200000002 0000021c5b942830   ........0(.[....
0x000000e80dfff330:   0000021ca45c1e40 0000021ca45c1ed0   @.\.......\.....
0x000000e80dfff340:   0000021ca45c1ee8 0000000000003680   ..\......6......
0x000000e80dfff350:   0000000000000000 0000000000000000   ................
0x000000e80dfff360:   0000000000000000 00007ffa3e4757d4   .........WG>....
0x000000e80dfff370:   00007ffa4b004ca0 0000000000005ed4   .L.K.....^......
0x000000e80dfff380:   00007ffa4b004ca0 00000000ffffffff   .L.K............
0x000000e80dfff390:   0000000000000000 00007ffa4aec206a   ........j .J....
0x000000e80dfff3a0:   0000021c5b5b6348 0000000000000000   Hc[[............
0x000000e80dfff3b0:   000000e80dfff419 0000021ca167aa60   ........`.g.....
0x000000e80dfff3c0:   0000000000000004 0000000000000048   ........H.......
0x000000e80dfff3d0:   0000000800800310 0000000000000020   ........ .......
0x000000e80dfff3e0:   0000021c5b5b6348 00007ffa4b004ca0   Hc[[.....L.K....
0x000000e80dfff3f0:   0000021c5b5b1f60 0000021ca1534df0   `.[[.....MS.....
0x000000e80dfff400:   0000000800800390 0000021c5b5b6348   ........Hc[[....
0x000000e80dfff410:   0000021ca1536e70 0000021ca15372f0   pnS......rS.....
0x000000e80dfff420:   0000021ca15372f0 00007ffa4b004ca0   .rS......L.K....
0x000000e80dfff430:   0000021c5b809538 000000e80dfff5a8   8..[............
0x000000e80dfff440:   000000e80dfff6e0 0000000000008840   ........@.......
0x000000e80dfff450:   000000e80dfff8c0 00007ffa4b004cf0   .........L.K....
0x000000e80dfff460:   0000000000989680 0000000000989680   ................
0x000000e80dfff470:   000000e80dfff580 00007ffa4aebcc21   ........!..J....
0x000000e80dfff480:   00007ffa4b004ca0 00007ffa4b004cf8   .L.K.....L.K....
0x000000e80dfff490:   00007ffa00000000 00007ffa00000001   ................

Instructions: (pc=0x00007ffa4aec26c4)
  0x00007ffa4aec25c4:   cc cc cc cc cc cc cc cc cc cc cc cc cc cc cc cc
  0x00007ffa4aec25d4:   cc cc cc cc cc cc cc cc cc cc cc cc cc cc cc cc
  0x00007ffa4aec25e4:   cc cc cc cc cc cc cc cc cc cc cc cc cc cc cc cc
  0x00007ffa4aec25f4:   cc cc cc cc cc cc cc cc cc cc cc cc cc cc cc cc
  0x00007ffa4aec2604:   cc cc cc cc cc cc cc cc cc cc cc cc cc cc cc cc
  0x00007ffa4aec2614:   cc cc cc cc cc cc cc cc cc cc cc cc cc cc cc cc
  0x00007ffa4aec2624:   cc cc cc cc cc cc cc cc cc cc cc cc cc cc cc cc
  0x00007ffa4aec2634:   cc cc cc cc cc cc cc cc cc cc cc cc cc cc cc cc
  0x00007ffa4aec2644:   cc cc cc cc cc cc cc cc cc cc cc cc 40 57 48 83
  0x00007ffa4aec2654:   ec 20 48 8b f9 48 8b 0d 10 28 14 00 48 85 c9 74
  0x00007ffa4aec2664:   20 48 8b 01 48 8d 54 24 38 41 b8 06 00 01 00 4c
  0x00007ffa4aec2674:   8b 48 30 41 ff d1 85 c0 75 07 48 8b 4c 24 38 eb
  0x00007ffa4aec2684:   02 33 c9 4c 8b 05 ea 28 14 00 48 89 5c 24 30 4d
  0x00007ffa4aec2694:   85 c0 74 4a 48 8b 01 48 8b d7 4c 8b 88 28 03 00
  0x00007ffa4aec26a4:   00 41 ff d1 48 85 c0 74 35 48 63 0d f8 e6 13 00
  0x00007ffa4aec26b4:   48 8b 14 01 48 85 d2 74 15 48 63 05 fc e6 13 00
=>0x00007ffa4aec26c4:   8b 04 10 48 8b 5c 24 30 48 83 c4 20 5f c3 b8 ff
  0x00007ffa4aec26d4:   ff ff ff 48 8b 5c 24 30 48 83 c4 20 5f c3 80 3d
  0x00007ffa4aec26e4:   9b 27 14 00 00 bb ff ff ff ff 74 20 4c 8b 0d 31
  0x00007ffa4aec26f4:   24 14 00 4c 8d 44 24 38 48 8b 0d 15 24 14 00 48
  0x00007ffa4aec2704:   8b d7 41 ff d1 85 c0 0f 44 5c 24 38 8b c3 48 8b
  0x00007ffa4aec2714:   5c 24 30 48 83 c4 20 5f c3 cc cc cc cc cc cc cc
  0x00007ffa4aec2724:   cc cc cc cc cc cc cc cc cc cc cc cc cc cc cc cc
  0x00007ffa4aec2734:   cc cc cc cc cc cc cc cc cc cc cc cc cc cc cc cc
  0x00007ffa4aec2744:   cc cc cc cc cc cc cc cc cc cc cc cc 48 89 54 24
  0x00007ffa4aec2754:   10 53 55 56 57 41 56 41 57 48 83 ec 28 48 8b f2
  0x00007ffa4aec2764:   4c 8b f1 48 89 4c 24 78 45 33 ff 44 89 7c 24 68
  0x00007ffa4aec2774:   c7 44 24 60 01 00 00 00 48 8d 4c 24 68 e8 ed 42
  0x00007ffa4aec2784:   f7 ff 8b d8 48 8d 4c 24 60 e8 e1 42 f7 ff 8b e8
  0x00007ffa4aec2794:   49 8b ce e8 00 fc f6 ff 48 8b f8 90 8b c3 f0 0f
  0x00007ffa4aec27a4:   b1 2f 74 04 f3 90 eb f4 4c 89 3e 4c 89 7e 08 4c
  0x00007ffa4aec27b4:   89 7e 10 49 8b 6e 08 4d 8b 76 10 49 3b ee 0f 84


Stack slot to memory mapping:

stack at sp + 0 slots: 0x000000e80dfff410 is pointing into the stack for thread: 0x0000021c5b5b5f80
stack at sp + 1 slots: 0x0000021c5b94a300 points into unknown readable memory: 0x0000000714411c48 | 48 1c 41 14 07 00 00 00
stack at sp + 2 slots: 0x0 is null
stack at sp + 3 slots: 0x0000021c5b5b66d0 points into unknown readable memory: 0x6e616c2e6176616a | 6a 61 76 61 2e 6c 61 6e
stack at sp + 4 slots: 0x0000000000000024 is an unknown value
stack at sp + 5 slots: 0x00007ffa4aec2b9b libasyncProfiler.dll
stack at sp + 6 slots: 0x0 is null
stack at sp + 7 slots: 0x0000021c5b5b6348 points into unknown readable memory: 0x00007ffa3ec117b0 | b0 17 c1 3e fa 7f 00 00

Lock stack of current Java thread (top to bottom):


---------------  P R O C E S S  ---------------

Threads class SMR info:
_java_thread_list=0x0000021ca3ed43b0, length=24, elements={
0x0000021c5b5ad490, 0x0000021c5b5addd0, 0x0000021c5b5b5010, 0x0000021c5b5b5f80,
0x0000021c5b5b6ba0, 0x0000021c5b5b77c0, 0x0000021c5b5c4870, 0x0000021c5b5caaf0,
0x0000021c5b82bd00, 0x0000021c5b855870, 0x0000021c5b855fb0, 0x0000021ca10d2660,
0x0000021ca13b5600, 0x0000021c5b89ca90, 0x0000021c5b8aa590, 0x0000021c5b831470,
0x0000021ca1533440, 0x0000021ca154a9a0, 0x0000021ca165fc90, 0x0000021ca1662120,
0x0000021ca1162d50, 0x0000021c5b7620b0, 0x0000021ca165f540, 0x0000021ca1660b30
}

Java Threads: ( => current thread )
  0x0000021c5b5ad490 JavaThread "Reference Handler"          daemon [_thread_blocked, id=1384, stack(0x000000e80dc00000,0x000000e80dd00000) (1024K)]
  0x0000021c5b5addd0 JavaThread "Finalizer"                  daemon [_thread_blocked, id=15604, stack(0x000000e80dd00000,0x000000e80de00000) (1024K)]
  0x0000021c5b5b5010 JavaThread "Signal Dispatcher"          daemon [_thread_blocked, id=2084, stack(0x000000e80de00000,0x000000e80df00000) (1024K)]
=>0x0000021c5b5b5f80 JavaThread "Attach Listener"            daemon [_thread_in_native, id=4016, stack(0x000000e80df00000,0x000000e80e000000) (1024K)]
  0x0000021c5b5b6ba0 JavaThread "Service Thread"             daemon [_thread_blocked, id=23940, stack(0x000000e80e000000,0x000000e80e100000) (1024K)]
  0x0000021c5b5b77c0 JavaThread "Monitor Deflation Thread"   daemon [_thread_blocked, id=7352, stack(0x000000e80e100000,0x000000e80e200000) (1024K)]
  0x0000021c5b5c4870 JavaThread "C2 CompilerThread0"         daemon [_thread_blocked, id=15080, stack(0x000000e80e200000,0x000000e80e300000) (1024K)]
  0x0000021c5b5caaf0 JavaThread "C1 CompilerThread0"         daemon [_thread_blocked, id=14468, stack(0x000000e80e300000,0x000000e80e400000) (1024K)]
  0x0000021c5b82bd00 JavaThread "Common-Cleaner"             daemon [_thread_blocked, id=23824, stack(0x000000e80e400000,0x000000e80e500000) (1024K)]
  0x0000021c5b855870 JavaThread "Monitor Ctrl-Break"         daemon [_thread_in_native, id=10800, stack(0x000000e80e500000,0x000000e80e600000) (1024K)]
  0x0000021c5b855fb0 JavaThread "Notification Thread"        daemon [_thread_blocked, id=20808, stack(0x000000e80e600000,0x000000e80e700000) (1024K)]
  0x0000021ca10d2660 JavaThread "Java2D Disposer"            daemon [_thread_blocked, id=8612, stack(0x000000e80e700000,0x000000e80e800000) (1024K)]
  0x0000021ca13b5600 JavaThread "AWT-Shutdown"                      [_thread_blocked, id=4136, stack(0x000000e80e800000,0x000000e80e900000) (1024K)]
  0x0000021c5b89ca90 JavaThread "AWT-Windows"                daemon [_thread_in_native, id=10980, stack(0x000000e80e900000,0x000000e80ea00000) (1024K)]
  0x0000021c5b8aa590 JavaThread "AWT-EventQueue-0"                  [_thread_blocked, id=13808, stack(0x000000e80ea00000,0x000000e80eb00000) (1024K)]
  0x0000021c5b831470 JavaThread "DestroyJavaVM"                     [_thread_blocked, id=11504, stack(0x000000e80d400000,0x000000e80d500000) (1024K)]
  0x0000021ca1533440 JavaThread "RMI TCP Accept-0"           daemon [_thread_in_native, id=22480, stack(0x000000e80ee00000,0x000000e80ef00000) (1024K)]
  0x0000021ca154a9a0 JavaThread "RMI TCP Connection(1)-172.20.10.2" daemon [_thread_in_native, id=20312, stack(0x000000e80ef00000,0x000000e80f000000) (1024K)]
  0x0000021ca165fc90 JavaThread "RMI Scheduler(0)"           daemon [_thread_blocked, id=12532, stack(0x000000e80f000000,0x000000e80f100000) (1024K)]
  0x0000021ca1662120 JavaThread "JMX server connection timeout 40" daemon [_thread_blocked, id=3720, stack(0x000000e80f100000,0x000000e80f200000) (1024K)]
  0x0000021ca1162d50 JavaThread "C2 CompilerThread1"         daemon [_thread_blocked, id=17256, stack(0x000000e80eb00000,0x000000e80ec00000) (1024K)]
  0x0000021c5b7620b0 JavaThread "C2 CompilerThread2"         daemon [_thread_blocked, id=24068, stack(0x000000e80ec00000,0x000000e80ed00000) (1024K)]
  0x0000021ca165f540 JavaThread "JFR Recorder Thread"        daemon [_thread_in_native, id=21800, stack(0x000000e80ed00000,0x000000e80ee00000) (1024K)]
  0x0000021ca1660b30 JavaThread "JFR Periodic Tasks"         daemon [_thread_blocked, id=13952, stack(0x000000e80f200000,0x000000e80f300000) (1024K)]
Total: 24

Other Threads:
  0x0000021c5b59dc10 VMThread "VM Thread"                           [id=2032, stack(0x000000e80db00000,0x000000e80dc00000) (1024K)]
  0x0000021c5b590970 WatcherThread "VM Periodic Task Thread"        [id=22280, stack(0x000000e80da00000,0x000000e80db00000) (1024K)]
  0x0000021c3bfaf700 WorkerThread "GC Thread#0"                     [id=17356, stack(0x000000e80d500000,0x000000e80d600000) (1024K)]
  0x0000021c3bfc5060 ConcurrentGCThread "G1 Main Marker"            [id=16404, stack(0x000000e80d600000,0x000000e80d700000) (1024K)]
  0x0000021c3bfc5b70 WorkerThread "G1 Conc#0"                       [id=14392, stack(0x000000e80d700000,0x000000e80d800000) (1024K)]
  0x0000021c3c00ea10 ConcurrentGCThread "G1 Refine#0"               [id=1548, stack(0x000000e80d800000,0x000000e80d900000) (1024K)]
  0x0000021c5b448800 ConcurrentGCThread "G1 Service"                [id=17876, stack(0x000000e80d900000,0x000000e80da00000) (1024K)]
Total: 7

Threads with active compile tasks:
Total: 0

VM state: not at safepoint (normal execution)

VM Mutex/Monitor currently owned by a thread: None

Heap address: 0x0000000704a00000, size: 4022 MB, Compressed Oops mode: Zero based, Oop shift amount: 3

CDS archive(s) mapped at: [0x0000021c5c000000-0x0000021c5cd40000-0x0000021c5cd40000), size 13893632, SharedBaseAddress: 0x0000021c5c000000, ArchiveRelocationMode: 1.
Compressed class space mapped at: 0x0000021c5d000000-0x0000021c9d000000, reserved size: 1073741824
UseCompressedClassPointers 1, UseCompactObjectHeaders 0
Narrow klass pointer bits 32, Max shift 3
Narrow klass base: 0x0000021c5c000000, Narrow klass shift: 0
Encoding Range: [0x0000021c5c000000 - 0x0000021d5c000000), (4294967296 bytes)
Klass Range:    [0x0000021c5c000000 - 0x0000021c9d000000), (1090519040 bytes)
Klass ID Range:  [8 - 1090519033) (1090519025)

GC Precious Log:
 CardTable entry size: 512
 Card Set container configuration: InlinePtr #cards 4 size 8 Array Of Cards #cards 16 size 48 Howl #buckets 8 coarsen threshold 3686 Howl Bitmap #cards 512 size 80 coarsen threshold 460 Card regions per heap region 1 cards per card region 4096
 CPUs: 8 total, 8 available
 Memory: 16087M
 Large Page Support: Disabled
 NUMA Support: Disabled
 Compressed Oops: Enabled (Zero based)
 Heap Region Size: 2M
 Heap Min Capacity: 8M
 Heap Initial Capacity: 252M
 Heap Max Capacity: 4022M
 Pre-touch: Disabled
 Parallel Workers: 8
 Concurrent Workers: 2
 Concurrent Refinement Workers: 8
 Periodic GC: Disabled

Heap:
 garbage-first heap   total reserved 4118528K, committed 260096K, used 40048K [0x0000000704a00000, 0x0000000800000000)
  region size 2048K, 21 young (43008K), 0 survivors (0K)
 Metaspace       used 15145K, committed 15424K, reserved 1114112K
  class space    used 1429K, committed 1536K, reserved 1048576K

Heap Regions: E=young(eden), S=young(survivor), O=old, HS=humongous(starts), HC=humongous(continues), CS=collection set, F=free, TAMS=top-at-mark-start, PB=parsable bottom
|   0|0x0000000704a00000, 0x0000000704a00000, 0x0000000704c00000|  0%| F|  |TAMS 0x0000000704a00000| PB 0x0000000704a00000| Untracked |  0
|   1|0x0000000704c00000, 0x0000000704c00000, 0x0000000704e00000|  0%| F|  |TAMS 0x0000000704c00000| PB 0x0000000704c00000| Untracked |  0
|   2|0x0000000704e00000, 0x0000000704e00000, 0x0000000705000000|  0%| F|  |TAMS 0x0000000704e00000| PB 0x0000000704e00000| Untracked |  0
|   3|0x0000000705000000, 0x0000000705000000, 0x0000000705200000|  0%| F|  |TAMS 0x0000000705000000| PB 0x0000000705000000| Untracked |  0
|   4|0x0000000705200000, 0x0000000705200000, 0x0000000705400000|  0%| F|  |TAMS 0x0000000705200000| PB 0x0000000705200000| Untracked |  0
|   5|0x0000000705400000, 0x0000000705400000, 0x0000000705600000|  0%| F|  |TAMS 0x0000000705400000| PB 0x0000000705400000| Untracked |  0
|   6|0x0000000705600000, 0x0000000705600000, 0x0000000705800000|  0%| F|  |TAMS 0x0000000705600000| PB 0x0000000705600000| Untracked |  0
|   7|0x0000000705800000, 0x0000000705800000, 0x0000000705a00000|  0%| F|  |TAMS 0x0000000705800000| PB 0x0000000705800000| Untracked |  0
|   8|0x0000000705a00000, 0x0000000705a00000, 0x0000000705c00000|  0%| F|  |TAMS 0x0000000705a00000| PB 0x0000000705a00000| Untracked |  0
|   9|0x0000000705c00000, 0x0000000705c00000, 0x0000000705e00000|  0%| F|  |TAMS 0x0000000705c00000| PB 0x0000000705c00000| Untracked |  0
|  10|0x0000000705e00000, 0x0000000705e00000, 0x0000000706000000|  0%| F|  |TAMS 0x0000000705e00000| PB 0x0000000705e00000| Untracked |  0
|  11|0x0000000706000000, 0x0000000706000000, 0x0000000706200000|  0%| F|  |TAMS 0x0000000706000000| PB 0x0000000706000000| Untracked |  0
|  12|0x0000000706200000, 0x0000000706200000, 0x0000000706400000|  0%| F|  |TAMS 0x0000000706200000| PB 0x0000000706200000| Untracked |  0
|  13|0x0000000706400000, 0x0000000706400000, 0x0000000706600000|  0%| F|  |TAMS 0x0000000706400000| PB 0x0000000706400000| Untracked |  0
|  14|0x0000000706600000, 0x0000000706600000, 0x0000000706800000|  0%| F|  |TAMS 0x0000000706600000| PB 0x0000000706600000| Untracked |  0
|  15|0x0000000706800000, 0x0000000706800000, 0x0000000706a00000|  0%| F|  |TAMS 0x0000000706800000| PB 0x0000000706800000| Untracked |  0
|  16|0x0000000706a00000, 0x0000000706a00000, 0x0000000706c00000|  0%| F|  |TAMS 0x0000000706a00000| PB 0x0000000706a00000| Untracked |  0
|  17|0x0000000706c00000, 0x0000000706c00000, 0x0000000706e00000|  0%| F|  |TAMS 0x0000000706c00000| PB 0x0000000706c00000| Untracked |  0
|  18|0x0000000706e00000, 0x0000000706e00000, 0x0000000707000000|  0%| F|  |TAMS 0x0000000706e00000| PB 0x0000000706e00000| Untracked |  0
|  19|0x0000000707000000, 0x0000000707000000, 0x0000000707200000|  0%| F|  |TAMS 0x0000000707000000| PB 0x0000000707000000| Untracked |  0
|  20|0x0000000707200000, 0x0000000707200000, 0x0000000707400000|  0%| F|  |TAMS 0x0000000707200000| PB 0x0000000707200000| Untracked |  0
|  21|0x0000000707400000, 0x0000000707400000, 0x0000000707600000|  0%| F|  |TAMS 0x0000000707400000| PB 0x0000000707400000| Untracked |  0
|  22|0x0000000707600000, 0x0000000707600000, 0x0000000707800000|  0%| F|  |TAMS 0x0000000707600000| PB 0x0000000707600000| Untracked |  0
|  23|0x0000000707800000, 0x0000000707800000, 0x0000000707a00000|  0%| F|  |TAMS 0x0000000707800000| PB 0x0000000707800000| Untracked |  0
|  24|0x0000000707a00000, 0x0000000707a00000, 0x0000000707c00000|  0%| F|  |TAMS 0x0000000707a00000| PB 0x0000000707a00000| Untracked |  0
|  25|0x0000000707c00000, 0x0000000707c00000, 0x0000000707e00000|  0%| F|  |TAMS 0x0000000707c00000| PB 0x0000000707c00000| Untracked |  0
|  26|0x0000000707e00000, 0x0000000707e00000, 0x0000000708000000|  0%| F|  |TAMS 0x0000000707e00000| PB 0x0000000707e00000| Untracked |  0
|  27|0x0000000708000000, 0x0000000708000000, 0x0000000708200000|  0%| F|  |TAMS 0x0000000708000000| PB 0x0000000708000000| Untracked |  0
|  28|0x0000000708200000, 0x0000000708200000, 0x0000000708400000|  0%| F|  |TAMS 0x0000000708200000| PB 0x0000000708200000| Untracked |  0
|  29|0x0000000708400000, 0x0000000708400000, 0x0000000708600000|  0%| F|  |TAMS 0x0000000708400000| PB 0x0000000708400000| Untracked |  0
|  30|0x0000000708600000, 0x0000000708600000, 0x0000000708800000|  0%| F|  |TAMS 0x0000000708600000| PB 0x0000000708600000| Untracked |  0
|  31|0x0000000708800000, 0x0000000708800000, 0x0000000708a00000|  0%| F|  |TAMS 0x0000000708800000| PB 0x0000000708800000| Untracked |  0
|  32|0x0000000708a00000, 0x0000000708a00000, 0x0000000708c00000|  0%| F|  |TAMS 0x0000000708a00000| PB 0x0000000708a00000| Untracked |  0
|  33|0x0000000708c00000, 0x0000000708c00000, 0x0000000708e00000|  0%| F|  |TAMS 0x0000000708c00000| PB 0x0000000708c00000| Untracked |  0
|  34|0x0000000708e00000, 0x0000000708e00000, 0x0000000709000000|  0%| F|  |TAMS 0x0000000708e00000| PB 0x0000000708e00000| Untracked |  0
|  35|0x0000000709000000, 0x0000000709000000, 0x0000000709200000|  0%| F|  |TAMS 0x0000000709000000| PB 0x0000000709000000| Untracked |  0
|  36|0x0000000709200000, 0x0000000709200000, 0x0000000709400000|  0%| F|  |TAMS 0x0000000709200000| PB 0x0000000709200000| Untracked |  0
|  37|0x0000000709400000, 0x0000000709400000, 0x0000000709600000|  0%| F|  |TAMS 0x0000000709400000| PB 0x0000000709400000| Untracked |  0
|  38|0x0000000709600000, 0x0000000709600000, 0x0000000709800000|  0%| F|  |TAMS 0x0000000709600000| PB 0x0000000709600000| Untracked |  0
|  39|0x0000000709800000, 0x0000000709800000, 0x0000000709a00000|  0%| F|  |TAMS 0x0000000709800000| PB 0x0000000709800000| Untracked |  0
|  40|0x0000000709a00000, 0x0000000709a00000, 0x0000000709c00000|  0%| F|  |TAMS 0x0000000709a00000| PB 0x0000000709a00000| Untracked |  0
|  41|0x0000000709c00000, 0x0000000709c00000, 0x0000000709e00000|  0%| F|  |TAMS 0x0000000709c00000| PB 0x0000000709c00000| Untracked |  0
|  42|0x0000000709e00000, 0x0000000709e00000, 0x000000070a000000|  0%| F|  |TAMS 0x0000000709e00000| PB 0x0000000709e00000| Untracked |  0
|  43|0x000000070a000000, 0x000000070a000000, 0x000000070a200000|  0%| F|  |TAMS 0x000000070a000000| PB 0x000000070a000000| Untracked |  0
|  44|0x000000070a200000, 0x000000070a200000, 0x000000070a400000|  0%| F|  |TAMS 0x000000070a200000| PB 0x000000070a200000| Untracked |  0
|  45|0x000000070a400000, 0x000000070a400000, 0x000000070a600000|  0%| F|  |TAMS 0x000000070a400000| PB 0x000000070a400000| Untracked |  0
|  46|0x000000070a600000, 0x000000070a600000, 0x000000070a800000|  0%| F|  |TAMS 0x000000070a600000| PB 0x000000070a600000| Untracked |  0
|  47|0x000000070a800000, 0x000000070a800000, 0x000000070aa00000|  0%| F|  |TAMS 0x000000070a800000| PB 0x000000070a800000| Untracked |  0
|  48|0x000000070aa00000, 0x000000070aa00000, 0x000000070ac00000|  0%| F|  |TAMS 0x000000070aa00000| PB 0x000000070aa00000| Untracked |  0
|  49|0x000000070ac00000, 0x000000070ac00000, 0x000000070ae00000|  0%| F|  |TAMS 0x000000070ac00000| PB 0x000000070ac00000| Untracked |  0
|  50|0x000000070ae00000, 0x000000070ae00000, 0x000000070b000000|  0%| F|  |TAMS 0x000000070ae00000| PB 0x000000070ae00000| Untracked |  0
|  51|0x000000070b000000, 0x000000070b000000, 0x000000070b200000|  0%| F|  |TAMS 0x000000070b000000| PB 0x000000070b000000| Untracked |  0
|  52|0x000000070b200000, 0x000000070b200000, 0x000000070b400000|  0%| F|  |TAMS 0x000000070b200000| PB 0x000000070b200000| Untracked |  0
|  53|0x000000070b400000, 0x000000070b400000, 0x000000070b600000|  0%| F|  |TAMS 0x000000070b400000| PB 0x000000070b400000| Untracked |  0
|  54|0x000000070b600000, 0x000000070b600000, 0x000000070b800000|  0%| F|  |TAMS 0x000000070b600000| PB 0x000000070b600000| Untracked |  0
|  55|0x000000070b800000, 0x000000070b800000, 0x000000070ba00000|  0%| F|  |TAMS 0x000000070b800000| PB 0x000000070b800000| Untracked |  0
|  56|0x000000070ba00000, 0x000000070ba00000, 0x000000070bc00000|  0%| F|  |TAMS 0x000000070ba00000| PB 0x000000070ba00000| Untracked |  0
|  57|0x000000070bc00000, 0x000000070bc00000, 0x000000070be00000|  0%| F|  |TAMS 0x000000070bc00000| PB 0x000000070bc00000| Untracked |  0
|  58|0x000000070be00000, 0x000000070be00000, 0x000000070c000000|  0%| F|  |TAMS 0x000000070be00000| PB 0x000000070be00000| Untracked |  0
|  59|0x000000070c000000, 0x000000070c000000, 0x000000070c200000|  0%| F|  |TAMS 0x000000070c000000| PB 0x000000070c000000| Untracked |  0
|  60|0x000000070c200000, 0x000000070c200000, 0x000000070c400000|  0%| F|  |TAMS 0x000000070c200000| PB 0x000000070c200000| Untracked |  0
|  61|0x000000070c400000, 0x000000070c400000, 0x000000070c600000|  0%| F|  |TAMS 0x000000070c400000| PB 0x000000070c400000| Untracked |  0
|  62|0x000000070c600000, 0x000000070c600000, 0x000000070c800000|  0%| F|  |TAMS 0x000000070c600000| PB 0x000000070c600000| Untracked |  0
|  63|0x000000070c800000, 0x000000070c800000, 0x000000070ca00000|  0%| F|  |TAMS 0x000000070c800000| PB 0x000000070c800000| Untracked |  0
|  64|0x000000070ca00000, 0x000000070ca00000, 0x000000070cc00000|  0%| F|  |TAMS 0x000000070ca00000| PB 0x000000070ca00000| Untracked |  0
|  65|0x000000070cc00000, 0x000000070cc00000, 0x000000070ce00000|  0%| F|  |TAMS 0x000000070cc00000| PB 0x000000070cc00000| Untracked |  0
|  66|0x000000070ce00000, 0x000000070ce00000, 0x000000070d000000|  0%| F|  |TAMS 0x000000070ce00000| PB 0x000000070ce00000| Untracked |  0
|  67|0x000000070d000000, 0x000000070d000000, 0x000000070d200000|  0%| F|  |TAMS 0x000000070d000000| PB 0x000000070d000000| Untracked |  0
|  68|0x000000070d200000, 0x000000070d200000, 0x000000070d400000|  0%| F|  |TAMS 0x000000070d200000| PB 0x000000070d200000| Untracked |  0
|  69|0x000000070d400000, 0x000000070d400000, 0x000000070d600000|  0%| F|  |TAMS 0x000000070d400000| PB 0x000000070d400000| Untracked |  0
|  70|0x000000070d600000, 0x000000070d600000, 0x000000070d800000|  0%| F|  |TAMS 0x000000070d600000| PB 0x000000070d600000| Untracked |  0
|  71|0x000000070d800000, 0x000000070d800000, 0x000000070da00000|  0%| F|  |TAMS 0x000000070d800000| PB 0x000000070d800000| Untracked |  0
|  72|0x000000070da00000, 0x000000070da00000, 0x000000070dc00000|  0%| F|  |TAMS 0x000000070da00000| PB 0x000000070da00000| Untracked |  0
|  73|0x000000070dc00000, 0x000000070dc00000, 0x000000070de00000|  0%| F|  |TAMS 0x000000070dc00000| PB 0x000000070dc00000| Untracked |  0
|  74|0x000000070de00000, 0x000000070de00000, 0x000000070e000000|  0%| F|  |TAMS 0x000000070de00000| PB 0x000000070de00000| Untracked |  0
|  75|0x000000070e000000, 0x000000070e000000, 0x000000070e200000|  0%| F|  |TAMS 0x000000070e000000| PB 0x000000070e000000| Untracked |  0
|  76|0x000000070e200000, 0x000000070e200000, 0x000000070e400000|  0%| F|  |TAMS 0x000000070e200000| PB 0x000000070e200000| Untracked |  0
|  77|0x000000070e400000, 0x000000070e400000, 0x000000070e600000|  0%| F|  |TAMS 0x000000070e400000| PB 0x000000070e400000| Untracked |  0
|  78|0x000000070e600000, 0x000000070e600000, 0x000000070e800000|  0%| F|  |TAMS 0x000000070e600000| PB 0x000000070e600000| Untracked |  0
|  79|0x000000070e800000, 0x000000070e800000, 0x000000070ea00000|  0%| F|  |TAMS 0x000000070e800000| PB 0x000000070e800000| Untracked |  0
|  80|0x000000070ea00000, 0x000000070ea00000, 0x000000070ec00000|  0%| F|  |TAMS 0x000000070ea00000| PB 0x000000070ea00000| Untracked |  0
|  81|0x000000070ec00000, 0x000000070ec00000, 0x000000070ee00000|  0%| F|  |TAMS 0x000000070ec00000| PB 0x000000070ec00000| Untracked |  0
|  82|0x000000070ee00000, 0x000000070ee00000, 0x000000070f000000|  0%| F|  |TAMS 0x000000070ee00000| PB 0x000000070ee00000| Untracked |  0
|  83|0x000000070f000000, 0x000000070f000000, 0x000000070f200000|  0%| F|  |TAMS 0x000000070f000000| PB 0x000000070f000000| Untracked |  0
|  84|0x000000070f200000, 0x000000070f200000, 0x000000070f400000|  0%| F|  |TAMS 0x000000070f200000| PB 0x000000070f200000| Untracked |  0
|  85|0x000000070f400000, 0x000000070f400000, 0x000000070f600000|  0%| F|  |TAMS 0x000000070f400000| PB 0x000000070f400000| Untracked |  0
|  86|0x000000070f600000, 0x000000070f600000, 0x000000070f800000|  0%| F|  |TAMS 0x000000070f600000| PB 0x000000070f600000| Untracked |  0
|  87|0x000000070f800000, 0x000000070f800000, 0x000000070fa00000|  0%| F|  |TAMS 0x000000070f800000| PB 0x000000070f800000| Untracked |  0
|  88|0x000000070fa00000, 0x000000070fa00000, 0x000000070fc00000|  0%| F|  |TAMS 0x000000070fa00000| PB 0x000000070fa00000| Untracked |  0
|  89|0x000000070fc00000, 0x000000070fc00000, 0x000000070fe00000|  0%| F|  |TAMS 0x000000070fc00000| PB 0x000000070fc00000| Untracked |  0
|  90|0x000000070fe00000, 0x000000070fe00000, 0x0000000710000000|  0%| F|  |TAMS 0x000000070fe00000| PB 0x000000070fe00000| Untracked |  0
|  91|0x0000000710000000, 0x0000000710000000, 0x0000000710200000|  0%| F|  |TAMS 0x0000000710000000| PB 0x0000000710000000| Untracked |  0
|  92|0x0000000710200000, 0x0000000710200000, 0x0000000710400000|  0%| F|  |TAMS 0x0000000710200000| PB 0x0000000710200000| Untracked |  0
|  93|0x0000000710400000, 0x0000000710400000, 0x0000000710600000|  0%| F|  |TAMS 0x0000000710400000| PB 0x0000000710400000| Untracked |  0
|  94|0x0000000710600000, 0x0000000710600000, 0x0000000710800000|  0%| F|  |TAMS 0x0000000710600000| PB 0x0000000710600000| Untracked |  0
|  95|0x0000000710800000, 0x0000000710800000, 0x0000000710a00000|  0%| F|  |TAMS 0x0000000710800000| PB 0x0000000710800000| Untracked |  0
|  96|0x0000000710a00000, 0x0000000710a00000, 0x0000000710c00000|  0%| F|  |TAMS 0x0000000710a00000| PB 0x0000000710a00000| Untracked |  0
|  97|0x0000000710c00000, 0x0000000710c00000, 0x0000000710e00000|  0%| F|  |TAMS 0x0000000710c00000| PB 0x0000000710c00000| Untracked |  0
|  98|0x0000000710e00000, 0x0000000710e00000, 0x0000000711000000|  0%| F|  |TAMS 0x0000000710e00000| PB 0x0000000710e00000| Untracked |  0
|  99|0x0000000711000000, 0x0000000711000000, 0x0000000711200000|  0%| F|  |TAMS 0x0000000711000000| PB 0x0000000711000000| Untracked |  0
| 100|0x0000000711200000, 0x0000000711200000, 0x0000000711400000|  0%| F|  |TAMS 0x0000000711200000| PB 0x0000000711200000| Untracked |  0
| 101|0x0000000711400000, 0x0000000711400000, 0x0000000711600000|  0%| F|  |TAMS 0x0000000711400000| PB 0x0000000711400000| Untracked |  0
| 102|0x0000000711600000, 0x0000000711600000, 0x0000000711800000|  0%| F|  |TAMS 0x0000000711600000| PB 0x0000000711600000| Untracked |  0
| 103|0x0000000711800000, 0x0000000711800000, 0x0000000711a00000|  0%| F|  |TAMS 0x0000000711800000| PB 0x0000000711800000| Untracked |  0
| 104|0x0000000711a00000, 0x0000000711a00000, 0x0000000711c00000|  0%| F|  |TAMS 0x0000000711a00000| PB 0x0000000711a00000| Untracked |  0
| 105|0x0000000711c00000, 0x0000000711cf5c48, 0x0000000711e00000| 48%| E|  |TAMS 0x0000000711c00000| PB 0x0000000711c00000| Complete |  0
| 106|0x0000000711e00000, 0x0000000712000000, 0x0000000712000000|100%| E|CS|TAMS 0x0000000711e00000| PB 0x0000000711e00000| Complete |  0
| 107|0x0000000712000000, 0x0000000712200000, 0x0000000712200000|100%| E|CS|TAMS 0x0000000712000000| PB 0x0000000712000000| Complete |  0
| 108|0x0000000712200000, 0x0000000712400000, 0x0000000712400000|100%| E|CS|TAMS 0x0000000712200000| PB 0x0000000712200000| Complete |  0
| 109|0x0000000712400000, 0x0000000712600000, 0x0000000712600000|100%| E|CS|TAMS 0x0000000712400000| PB 0x0000000712400000| Complete |  0
| 110|0x0000000712600000, 0x0000000712800000, 0x0000000712800000|100%| E|CS|TAMS 0x0000000712600000| PB 0x0000000712600000| Complete |  0
| 111|0x0000000712800000, 0x0000000712a00000, 0x0000000712a00000|100%| E|CS|TAMS 0x0000000712800000| PB 0x0000000712800000| Complete |  0
| 112|0x0000000712a00000, 0x0000000712c00000, 0x0000000712c00000|100%| E|  |TAMS 0x0000000712a00000| PB 0x0000000712a00000| Complete |  0
| 113|0x0000000712c00000, 0x0000000712e00000, 0x0000000712e00000|100%| E|CS|TAMS 0x0000000712c00000| PB 0x0000000712c00000| Complete |  0
| 114|0x0000000712e00000, 0x0000000713000000, 0x0000000713000000|100%| E|CS|TAMS 0x0000000712e00000| PB 0x0000000712e00000| Complete |  0
| 115|0x0000000713000000, 0x0000000713200000, 0x0000000713200000|100%| E|CS|TAMS 0x0000000713000000| PB 0x0000000713000000| Complete |  0
| 116|0x0000000713200000, 0x0000000713400000, 0x0000000713400000|100%| E|CS|TAMS 0x0000000713200000| PB 0x0000000713200000| Complete |  0
| 117|0x0000000713400000, 0x0000000713600000, 0x0000000713600000|100%| E|CS|TAMS 0x0000000713400000| PB 0x0000000713400000| Complete |  0
| 118|0x0000000713600000, 0x0000000713800000, 0x0000000713800000|100%| E|CS|TAMS 0x0000000713600000| PB 0x0000000713600000| Complete |  0
| 119|0x0000000713800000, 0x0000000713a00000, 0x0000000713a00000|100%| E|CS|TAMS 0x0000000713800000| PB 0x0000000713800000| Complete |  0
| 120|0x0000000713a00000, 0x0000000713c00000, 0x0000000713c00000|100%| E|CS|TAMS 0x0000000713a00000| PB 0x0000000713a00000| Complete |  0
| 121|0x0000000713c00000, 0x0000000713e00000, 0x0000000713e00000|100%| E|CS|TAMS 0x0000000713c00000| PB 0x0000000713c00000| Complete |  0
| 122|0x0000000713e00000, 0x0000000714000000, 0x0000000714000000|100%| E|CS|TAMS 0x0000000713e00000| PB 0x0000000713e00000| Complete |  0
| 123|0x0000000714000000, 0x0000000714200000, 0x0000000714200000|100%| E|CS|TAMS 0x0000000714000000| PB 0x0000000714000000| Complete |  0
| 124|0x0000000714200000, 0x0000000714400000, 0x0000000714400000|100%| E|CS|TAMS 0x0000000714200000| PB 0x0000000714200000| Complete |  0
| 125|0x0000000714400000, 0x0000000714600000, 0x0000000714600000|100%| E|CS|TAMS 0x0000000714400000| PB 0x0000000714400000| Complete |  0
|2010|0x00000007ffe00000, 0x00000007fff1c288, 0x0000000800000000| 55%| O|  |TAMS 0x00000007ffe00000| PB 0x00000007ffe00000| Untracked |  0

Card table byte_map: [0x0000021c54410000,0x0000021c54bf0000] _byte_map_base: 0x0000021c50beb000

Marking Bits: (CMBitMap*) 0x0000021c3bfafe10
 Bits: [0x0000021c54bf0000, 0x0000021c58ac8000)

Polling page: 0x0000021c3b6d0000

Metaspace:

Usage:
  Non-class:     13.39 MB used.
      Class:      1.40 MB used.
       Both:     14.79 MB used.

Virtual space:
  Non-class space:       64.00 MB reserved,      13.56 MB ( 21%) committed,  1 nodes.
      Class space:        1.00 GB reserved,       1.50 MB ( <1%) committed,  1 nodes.
             Both:        1.06 GB reserved,      15.06 MB (  1%) committed. 

Chunk freelists:
   Non-Class:  2.46 MB
       Class:  14.51 MB
        Both:  16.98 MB

MaxMetaspaceSize: unlimited
CompressedClassSpaceSize: 1.00 GB
Initial GC threshold: 21.00 MB
Current GC threshold: 21.00 MB
CDS: on
 - commit_granule_bytes: 65536.
 - commit_granule_words: 8192.
 - virtual_space_node_default_size: 8388608.
 - enlarge_chunks_in_place: 1.
UseCompressedClassPointers 1, UseCompactObjectHeaders 0
Narrow klass pointer bits 32, Max shift 3
Narrow klass base: 0x0000021c5c000000, Narrow klass shift: 0
Encoding Range: [0x0000021c5c000000 - 0x0000021d5c000000), (4294967296 bytes)
Klass Range:    [0x0000021c5c000000 - 0x0000021c9d000000), (1090519040 bytes)
Klass ID Range:  [8 - 1090519033) (1090519025)


Internal statistics:

num_allocs_failed_limit: 0.
num_arena_births: 274.
num_arena_deaths: 0.
num_vsnodes_births: 2.
num_vsnodes_deaths: 0.
num_space_committed: 241.
num_space_uncommitted: 0.
num_chunks_returned_to_freelist: 0.
num_chunks_taken_from_freelist: 359.
num_chunk_merges: 0.
num_chunk_splits: 214.
num_chunks_enlarged: 101.
num_inconsistent_stats: 0.

CodeHeap 'non-profiled nmethods': size=120064Kb used=747Kb max_used=747Kb free=119316Kb
 bounds [0x0000021c4c2b0000, 0x0000021c4c520000, 0x0000021c537f0000]
CodeHeap 'profiled nmethods': size=120000Kb used=2987Kb max_used=2987Kb free=117013Kb
 bounds [0x0000021c447f0000, 0x0000021c44ae0000, 0x0000021c4bd20000]
CodeHeap 'non-nmethods': size=5696Kb used=1697Kb max_used=1775Kb free=3998Kb
 bounds [0x0000021c4bd20000, 0x0000021c4bf90000, 0x0000021c4c2b0000]
CodeCache: size=245760Kb, used=5431Kb, max_used=5509Kb, free=240327Kb
 total_blobs=2848, nmethods=2150, adapters=603, full_count=0
Compilation: enabled, stopped_count=0, restarted_count=0

Compilation events (20 events):
Event: 12.984 Thread 0x0000021ca1162d50 nmethod 2123 0x0000021c4c35cd08 code [0x0000021c4c35ce40, 0x0000021c4c35d338]
Event: 12.984 Thread 0x0000021ca1162d50 2114       4       jdk.jfr.internal.MetadataWriter::writeInt (148 bytes)
Event: 13.007 Thread 0x0000021c5b5caaf0 2145       3       sun.nio.ch.Util::getTemporaryDirectBuffer (85 bytes)
Event: 13.009 Thread 0x0000021c5b5caaf0 nmethod 2145 0x0000021c44ad5a88 code [0x0000021c44ad5cc0, 0x0000021c44ad6a48]
Event: 13.009 Thread 0x0000021c5b5caaf0 2146       3       sun.nio.ch.Util$BufferCache::get (164 bytes)
Event: 13.010 Thread 0x0000021c5b5caaf0 nmethod 2146 0x0000021c44ad6b08 code [0x0000021c44ad6cc0, 0x0000021c44ad7758]
Event: 13.010 Thread 0x0000021c5b5caaf0 2147       3       sun.nio.ch.Util::offerFirstTemporaryDirectBuffer (58 bytes)
Event: 13.013 Thread 0x0000021c5b5caaf0 nmethod 2147 0x0000021c44ad7788 code [0x0000021c44ad7a00, 0x0000021c44ad8ce8]
Event: 13.013 Thread 0x0000021c5b5caaf0 2150       3       jdk.internal.classfile.impl.DirectCodeBuilder::astore (32 bytes)
Event: 13.014 Thread 0x0000021c5b5caaf0 nmethod 2150 0x0000021c44ad8d88 code [0x0000021c44ad8f00, 0x0000021c44ad95b0]
Event: 13.014 Thread 0x0000021c5b5caaf0 2149       3       jdk.internal.classfile.impl.DirectCodeBuilder::storeLocal (126 bytes)
Event: 13.015 Thread 0x0000021ca1162d50 nmethod 2114 0x0000021c4c35d388 code [0x0000021c4c35d580, 0x0000021c4c35ed68]
Event: 13.015 Thread 0x0000021ca1162d50 2121       4       java.io.DataOutputStream::incCount (20 bytes)
Event: 13.016 Thread 0x0000021c5b5caaf0 nmethod 2149 0x0000021c44ad9608 code [0x0000021c44ad9840, 0x0000021c44ada870]
Event: 13.017 Thread 0x0000021c5b5caaf0 2148       3       java.util.TreeMap$KeySet::size (10 bytes)
Event: 13.018 Thread 0x0000021ca1162d50 nmethod 2121 0x0000021c4c35ee08 code [0x0000021c4c35ef00, 0x0000021c4c35ef98]
Event: 13.018 Thread 0x0000021c5b5caaf0 nmethod 2148 0x0000021c44ada908 code [0x0000021c44adaa20, 0x0000021c44adabf8]
Event: 13.019 Thread 0x0000021ca1162d50 2119       4       java.util.LinkedHashMap::get (29 bytes)
Event: 13.031 Thread 0x0000021c5b5c4870 nmethod 2115 0x0000021c4c35f108 code [0x0000021c4c35f440, 0x0000021c4c362c78]
Event: 13.033 Thread 0x0000021ca1162d50 nmethod 2119 0x0000021c4c362d88 code [0x0000021c4c362ec0, 0x0000021c4c363208]

GC Heap History (0 events):
No events

Dll operation events (15 events):
Event: 0.019 Loaded shared library C:\Users\DELL\.jdks\openjdk-24.0.1\bin\java.dll
Event: 0.074 Loaded shared library C:\Users\DELL\.jdks\openjdk-24.0.1\bin\jsvml.dll
Event: 0.138 Loaded shared library C:\Users\DELL\.jdks\openjdk-24.0.1\bin\zip.dll
Event: 0.141 Loaded shared library C:\Users\DELL\.jdks\openjdk-24.0.1\bin\instrument.dll
Event: 0.149 Loaded shared library C:\Users\DELL\.jdks\openjdk-24.0.1\bin\net.dll
Event: 0.152 Loaded shared library C:\Users\DELL\.jdks\openjdk-24.0.1\bin\nio.dll
Event: 0.157 Loaded shared library C:\Users\DELL\.jdks\openjdk-24.0.1\bin\zip.dll
Event: 0.202 Loaded shared library C:\Users\DELL\.jdks\openjdk-24.0.1\bin\extnet.dll
Event: 0.259 Loaded shared library C:\Users\DELL\.jdks\openjdk-24.0.1\bin\jimage.dll
Event: 0.277 Loaded shared library C:\Users\DELL\.jdks\openjdk-24.0.1\bin\awt.dll
Event: 0.323 Loaded shared library C:\Users\DELL\.jdks\openjdk-24.0.1\bin\management.dll
Event: 0.337 Loaded shared library C:\Users\DELL\.jdks\openjdk-24.0.1\bin\management_ext.dll
Event: 0.720 Loaded shared library C:\Users\DELL\.jdks\openjdk-24.0.1\bin\freetype.dll
Event: 0.721 Loaded shared library C:\Users\DELL\.jdks\openjdk-24.0.1\bin\fontmanager.dll
Event: 12.396 Loaded shared library C:\Users\DELL\AppData\Local\Temp\idea_libasyncProfiler_dll_temp_folder\libasyncProfiler.dll

Deoptimization events (20 events):
Event: 12.930 Thread 0x0000021c5b5b5f80 Uncommon trap: trap_request=0xffffff4d fr.pc=0x0000021c4c358770 relative=0x00000000000003d0
Event: 12.930 Thread 0x0000021c5b5b5f80 Uncommon trap: reason=unstable_if action=reinterpret pc=0x0000021c4c358770 method=java.io.ByteArrayOutputStream.ensureCapacity(I)V @ 11 c2
Event: 12.930 Thread 0x0000021c5b5b5f80 DEOPT PACKING pc=0x0000021c4c358770 sp=0x000000e80dffe8f0
Event: 12.930 Thread 0x0000021c5b5b5f80 DEOPT UNPACKING pc=0x0000021c4be45f02 sp=0x000000e80dffe7d0 mode 2
Event: 13.008 Thread 0x0000021ca154a9a0 Uncommon trap: trap_request=0xffffffde fr.pc=0x0000021c4c355ef8 relative=0x00000000000000d8
Event: 13.008 Thread 0x0000021ca154a9a0 Uncommon trap: reason=class_check action=maybe_recompile pc=0x0000021c4c355ef8 method=java.util.Collections$UnmodifiableCollection$1.next()Ljava/lang/Object; @ 4 c2
Event: 13.008 Thread 0x0000021ca154a9a0 DEOPT PACKING pc=0x0000021c4c355ef8 sp=0x000000e80effe1d0
Event: 13.008 Thread 0x0000021ca154a9a0 DEOPT UNPACKING pc=0x0000021c4be45f02 sp=0x000000e80effe170 mode 2
Event: 13.008 Thread 0x0000021ca154a9a0 Uncommon trap: trap_request=0xffffffde fr.pc=0x0000021c4c355ef8 relative=0x00000000000000d8
Event: 13.008 Thread 0x0000021ca154a9a0 Uncommon trap: reason=class_check action=maybe_recompile pc=0x0000021c4c355ef8 method=java.util.Collections$UnmodifiableCollection$1.next()Ljava/lang/Object; @ 4 c2
Event: 13.008 Thread 0x0000021ca154a9a0 DEOPT PACKING pc=0x0000021c4c355ef8 sp=0x000000e80effe1d0
Event: 13.008 Thread 0x0000021ca154a9a0 DEOPT UNPACKING pc=0x0000021c4be45f02 sp=0x000000e80effe170 mode 2
Event: 13.008 Thread 0x0000021ca154a9a0 Uncommon trap: trap_request=0xffffffde fr.pc=0x0000021c4c355ef8 relative=0x00000000000000d8
Event: 13.008 Thread 0x0000021ca154a9a0 Uncommon trap: reason=class_check action=maybe_recompile pc=0x0000021c4c355ef8 method=java.util.Collections$UnmodifiableCollection$1.next()Ljava/lang/Object; @ 4 c2
Event: 13.008 Thread 0x0000021ca154a9a0 DEOPT PACKING pc=0x0000021c4c355ef8 sp=0x000000e80effe1d0
Event: 13.008 Thread 0x0000021ca154a9a0 DEOPT UNPACKING pc=0x0000021c4be45f02 sp=0x000000e80effe170 mode 2
Event: 13.008 Thread 0x0000021ca154a9a0 Uncommon trap: trap_request=0xffffffde fr.pc=0x0000021c4c355ef8 relative=0x00000000000000d8
Event: 13.008 Thread 0x0000021ca154a9a0 Uncommon trap: reason=class_check action=maybe_recompile pc=0x0000021c4c355ef8 method=java.util.Collections$UnmodifiableCollection$1.next()Ljava/lang/Object; @ 4 c2
Event: 13.008 Thread 0x0000021ca154a9a0 DEOPT PACKING pc=0x0000021c4c355ef8 sp=0x000000e80effe1d0
Event: 13.008 Thread 0x0000021ca154a9a0 DEOPT UNPACKING pc=0x0000021c4be45f02 sp=0x000000e80effe170 mode 2

Classes loaded (20 events):
Event: 12.871 Loading class jdk/jfr/internal/MetadataWriter
Event: 12.872 Loading class jdk/jfr/internal/MetadataWriter done
Event: 12.872 Loading class jdk/jfr/internal/MetadataDescriptor$Element
Event: 12.873 Loading class jdk/jfr/internal/MetadataDescriptor$Element done
Event: 12.874 Loading class jdk/jfr/internal/MetadataDescriptor$Attribute
Event: 12.875 Loading class jdk/jfr/internal/MetadataDescriptor$Attribute done
Event: 12.902 Loading class jdk/jfr/internal/consumer/StringParser$Encoding
Event: 12.903 Loading class jdk/jfr/internal/consumer/StringParser$Encoding done
Event: 12.940 Loading class jdk/jfr/internal/consumer/RepositoryFiles
Event: 12.942 Loading class jdk/jfr/internal/consumer/RepositoryFiles done
Event: 12.947 Loading class jdk/jfr/internal/SettingsManager$InternalSetting
Event: 12.947 Loading class jdk/jfr/internal/SettingsManager$InternalSetting done
Event: 12.953 Loading class jdk/jfr/internal/util/Rate
Event: 12.953 Loading class jdk/jfr/internal/util/Rate done
Event: 12.954 Loading class jdk/jfr/internal/util/TimespanUnit
Event: 12.954 Loading class jdk/jfr/internal/util/TimespanUnit done
Event: 12.955 Loading class jdk/jfr/internal/util/ValueParser
Event: 12.956 Loading class jdk/jfr/internal/util/ValueParser done
Event: 12.959 Loading class jdk/jfr/internal/periodic/PeriodicType
Event: 12.959 Loading class jdk/jfr/internal/periodic/PeriodicType done

Classes unloaded (0 events):
No events

Classes redefined (0 events):
No events

Internal exceptions (20 events):
Event: 0.905 Thread 0x0000021ca154a9a0 Exception <a 'java/lang/ClassNotFoundException'{0x0000000712c55730}: javax/management/remote/rmi/RMIConnectionImpl_Skel> (0x0000000712c55730) 
thrown [s\open\src\hotspot\share\classfile\systemDictionary.cpp, line 327]
Event: 0.920 Thread 0x0000021ca154a9a0 Exception <a 'java/lang/NoSuchMethodError'{0x0000000712c73218}: 'java.lang.Object java.lang.invoke.DirectMethodHandle$Holder.invokeInterface(java.lang.Object, java.lang.Object)'> (0x0000000712c73218) 
thrown [s\open\src\hotspot\share\interpreter\linkResolver.cpp, line 805]
Event: 0.929 Thread 0x0000021ca154a9a0 Exception <a 'java/lang/NoSuchMethodError'{0x0000000712c9b458}: 'int java.lang.invoke.DelegatingMethodHandle$Holder.reinvoke_L(java.lang.Object, java.lang.Object, java.lang.Object, java.lang.Object, java.lang.Object)'> (0x0000000712c9b458) 
thrown [s\open\src\hotspot\share\interpreter\linkResolver.cpp, line 805]
Event: 0.935 Thread 0x0000021ca154a9a0 Exception <a 'java/lang/NoSuchMethodError'{0x0000000712cde3a0}: 'java.lang.Object java.lang.invoke.DirectMethodHandle$Holder.invokeStatic(java.lang.Object, java.lang.Object, java.lang.Object, java.lang.Object, java.lang.Object, java.lang.Object, java.lang.Object, java.lang.Object)'> (0x0000000712cde3a0) 
thrown [s\open\src\hotspot\share\interpreter\linkResolver.cpp, line 805]
Event: 0.939 Thread 0x0000021ca154a9a0 Exception <a 'java/lang/NoSuchMethodError'{0x0000000712b00f00}: 'java.lang.Object java.lang.invoke.DirectMethodHandle$Holder.invokeStatic(java.lang.Object, java.lang.Object, java.lang.Object, java.lang.Object, java.lang.Object, java.lang.Object, java.lang.Object, java.lang.Object, java.lang.Object)'> (0x0000000712b00f00) 
thrown [s\open\src\hotspot\share\interpreter\linkResolver.cpp, line 805]
Event: 0.942 Thread 0x0000021ca154a9a0 Exception <a 'java/lang/NoSuchMethodError'{0x0000000712b143b0}: 'java.lang.Object java.lang.invoke.Invokers$Holder.invokeExact_MT(java.lang.Object, java.lang.Object, java.lang.Object, java.lang.Object, java.lang.Object, java.lang.Object)'> (0x0000000712b143b0) 
thrown [s\open\src\hotspot\share\interpreter\linkResolver.cpp, line 805]
Event: 0.948 Thread 0x0000021ca154a9a0 Exception <a 'java/lang/NoSuchMethodError'{0x0000000712b200f0}: 'java.lang.Object java.lang.invoke.DirectMethodHandle$Holder.invokeInterface(java.lang.Object, java.lang.Object, java.lang.Object, java.lang.Object, java.lang.Object)'> (0x0000000712b200f0) 
thrown [s\open\src\hotspot\share\interpreter\linkResolver.cpp, line 805]
Event: 0.961 Thread 0x0000021ca154a9a0 Exception <a 'java/lang/NoSuchMethodError'{0x0000000712b6a6e8}: 'double java.lang.invoke.DirectMethodHandle$Holder.invokeInterface(java.lang.Object, java.lang.Object)'> (0x0000000712b6a6e8) 
thrown [s\open\src\hotspot\share\interpreter\linkResolver.cpp, line 805]
Event: 0.963 Thread 0x0000021ca154a9a0 Exception <a 'java/lang/NoSuchMethodError'{0x0000000712b7b358}: 'double java.lang.invoke.DelegatingMethodHandle$Holder.reinvoke_L(java.lang.Object, java.lang.Object)'> (0x0000000712b7b358) 
thrown [s\open\src\hotspot\share\interpreter\linkResolver.cpp, line 805]
Event: 1.000 Thread 0x0000021c5b8aa590 Exception <a 'java/lang/NoSuchMethodError'{0x0000000712ec19a0}: 'int java.lang.invoke.DirectMethodHandle$Holder.invokeStatic(java.lang.Object)'> (0x0000000712ec19a0) 
thrown [s\open\src\hotspot\share\interpreter\linkResolver.cpp, line 805]
Event: 1.426 Thread 0x0000021ca154a9a0 Exception <a 'java/lang/NoSuchMethodError'{0x0000000712ba2f50}: 'long java.lang.invoke.DirectMethodHandle$Holder.invokeVirtual(java.lang.Object, java.lang.Object)'> (0x0000000712ba2f50) 
thrown [s\open\src\hotspot\share\interpreter\linkResolver.cpp, line 805]
Event: 1.427 Thread 0x0000021ca154a9a0 Exception <a 'java/lang/NoSuchMethodError'{0x0000000712bb3200}: 'long java.lang.invoke.DelegatingMethodHandle$Holder.reinvoke_L(java.lang.Object, java.lang.Object)'> (0x0000000712bb3200) 
thrown [s\open\src\hotspot\share\interpreter\linkResolver.cpp, line 805]
Event: 12.625 Thread 0x0000021c5b5b5f80 Exception <a 'java/lang/NoSuchMethodError'{0x00000007127c6f98}: 'int java.lang.invoke.DirectMethodHandle$Holder.invokeStatic(java.lang.Object, java.lang.Object, java.lang.Object, java.lang.Object)'> (0x00000007127c6f98) 
thrown [s\open\src\hotspot\share\interpreter\linkResolver.cpp, line 805]
Event: 12.829 Thread 0x0000021c5b5b5f80 Exception <a 'java/lang/NoSuchMethodError'{0x00000007123d3848}: 'void java.lang.invoke.DirectMethodHandle$Holder.invokeSpecial(java.lang.Object, java.lang.Object, int)'> (0x00000007123d3848) 
thrown [s\open\src\hotspot\share\interpreter\linkResolver.cpp, line 805]
Event: 12.829 Thread 0x0000021c5b5b5f80 Exception <a 'java/lang/NoSuchMethodError'{0x00000007123db468}: 'void java.lang.invoke.Invokers$Holder.invokeExact_MT(java.lang.Object, int, java.lang.Object)'> (0x00000007123db468) 
thrown [s\open\src\hotspot\share\interpreter\linkResolver.cpp, line 805]
Event: 12.833 Thread 0x0000021c5b5b5f80 Exception <a 'java/lang/NoSuchMethodError'{0x00000007123f9778}: 'void java.lang.invoke.DirectMethodHandle$Holder.invokeStatic(java.lang.Object, java.lang.Object, int)'> (0x00000007123f9778) 
thrown [s\open\src\hotspot\share\interpreter\linkResolver.cpp, line 805]
Event: 12.835 Thread 0x0000021c5b5b5f80 Exception <a 'java/lang/NoSuchMethodError'{0x00000007120088c8}: 'java.lang.Object java.lang.invoke.DirectMethodHandle$Holder.newInvokeSpecial(java.lang.Object, java.lang.Object, int)'> (0x00000007120088c8) 
thrown [s\open\src\hotspot\share\interpreter\linkResolver.cpp, line 805]
Event: 12.847 Thread 0x0000021c5b5b5f80 Exception <a 'sun/nio/fs/WindowsException'{0x000000071203c988}> (0x000000071203c988) 
thrown [s\open\src\hotspot\share\prims\jni.cpp, line 518]
Event: 12.853 Thread 0x0000021c5b5b5f80 Exception <a 'sun/nio/fs/WindowsException'{0x0000000712049750}> (0x0000000712049750) 
thrown [s\open\src\hotspot\share\prims\jni.cpp, line 518]
Event: 12.863 Thread 0x0000021c5b5b5f80 Exception <a 'sun/nio/fs/WindowsException'{0x000000071205b498}> (0x000000071205b498) 
thrown [s\open\src\hotspot\share\prims\jni.cpp, line 518]

VM Operations (16 events):
Event: 0.117 Executing VM operation: HandshakeAllThreads (Deoptimize)
Event: 0.117 Executing VM operation: HandshakeAllThreads (Deoptimize) done
Event: 0.276 Executing VM operation: HandshakeAllThreads (Deoptimize)
Event: 0.277 Executing VM operation: HandshakeAllThreads (Deoptimize) done
Event: 0.646 Executing VM operation: HandshakeAllThreads (Deoptimize)
Event: 0.646 Executing VM operation: HandshakeAllThreads (Deoptimize) done
Event: 0.699 Executing VM operation: HandshakeAllThreads (Deoptimize)
Event: 0.700 Executing VM operation: HandshakeAllThreads (Deoptimize) done
Event: 0.746 Executing VM operation: HandshakeAllThreads (Deoptimize)
Event: 0.746 Executing VM operation: HandshakeAllThreads (Deoptimize) done
Event: 0.903 Executing VM operation: HandshakeAllThreads (Deoptimize)
Event: 0.903 Executing VM operation: HandshakeAllThreads (Deoptimize) done
Event: 12.839 Executing VM operation: HandshakeAllThreads (Deoptimize)
Event: 12.839 Executing VM operation: HandshakeAllThreads (Deoptimize) done
Event: 12.943 Executing VM operation: JFRSafepointClear
Event: 12.943 Executing VM operation: JFRSafepointClear done

Memory protections (0 events):
No events

Nmethod flushes (0 events):
No events

Events (20 events):
Event: 0.355 Thread 0x0000021c3bf48860 Thread added: 0x0000021ca10d2660
Event: 0.357 Thread 0x0000021c3bf48860 Thread added: 0x0000021ca13b5600
Event: 0.359 Thread 0x0000021c3bf48860 Thread added: 0x0000021c5b89ca90
Event: 0.378 Thread 0x0000021c3bf48860 Thread added: 0x0000021c5b8aa590
Event: 0.378 Thread 0x0000021c3bf48860 Thread exited: 0x0000021c3bf48860
Event: 0.379 Thread 0x0000021c5b831470 Thread added: 0x0000021c5b831470
Event: 0.495 Thread 0x0000021c5b5c4870 Thread added: 0x0000021ca14dc950
Event: 0.613 Thread 0x0000021c5b5caaf0 Thread added: 0x0000021c5b883900
Event: 0.702 Thread 0x0000021c5b8aa590 Thread added: 0x0000021ca169d9f0
Event: 0.827 Thread 0x0000021c5b5b5f80 Thread added: 0x0000021ca1533440
Event: 0.851 Thread 0x0000021ca1533440 Thread added: 0x0000021ca154a9a0
Event: 0.883 Thread 0x0000021ca154a9a0 Thread added: 0x0000021ca165fc90
Event: 0.900 Thread 0x0000021ca154a9a0 Thread added: 0x0000021ca1662120
Event: 1.423 Thread 0x0000021c5b883900 Thread exited: 0x0000021c5b883900
Event: 1.423 Thread 0x0000021ca14dc950 Thread exited: 0x0000021ca14dc950
Event: 5.713 Thread 0x0000021ca169d9f0 Thread exited: 0x0000021ca169d9f0
Event: 12.438 Thread 0x0000021c5b5caaf0 Thread added: 0x0000021ca1162d50
Event: 12.441 Thread 0x0000021c5b5caaf0 Thread added: 0x0000021c5b7620b0
Event: 12.516 Thread 0x0000021c5b5b5f80 Thread added: 0x0000021ca165f540
Event: 12.837 Thread 0x0000021c5b5b5f80 Thread added: 0x0000021ca1660b30


Dynamic libraries:
0x00007ff7ed180000 - 0x00007ff7ed18e000 	C:\Users\DELL\.jdks\openjdk-24.0.1\bin\java.exe
0x00007ffa9b300000 - 0x00007ffa9b565000 	C:\WINDOWS\SYSTEM32\ntdll.dll
0x00007ffa9ae60000 - 0x00007ffa9af29000 	C:\WINDOWS\System32\KERNEL32.DLL
0x00007ffa98be0000 - 0x00007ffa98fc8000 	C:\WINDOWS\System32\KERNELBASE.dll
0x00007ffa98950000 - 0x00007ffa98a9b000 	C:\WINDOWS\System32\ucrtbase.dll
0x00007ffa91c90000 - 0x00007ffa91cab000 	C:\Users\DELL\.jdks\openjdk-24.0.1\bin\VCRUNTIME140.dll
0x00007ffa90400000 - 0x00007ffa90416000 	C:\Users\DELL\.jdks\openjdk-24.0.1\bin\jli.dll
0x00007ffa9ac90000 - 0x00007ffa9ae5a000 	C:\WINDOWS\System32\USER32.dll
0x00007ffa99070000 - 0x00007ffa99097000 	C:\WINDOWS\System32\win32u.dll
0x00007ffa990a0000 - 0x00007ffa990cb000 	C:\WINDOWS\System32\GDI32.dll
0x00007ffa82140000 - 0x00007ffa823da000 	C:\WINDOWS\WinSxS\amd64_microsoft.windows.common-controls_6595b64144ccf1df_6.0.26100.4202_none_3e0698d4e335f517\COMCTL32.dll
0x00007ffa98aa0000 - 0x00007ffa98bd7000 	C:\WINDOWS\System32\gdi32full.dll
0x00007ffa9a510000 - 0x00007ffa9a5b9000 	C:\WINDOWS\System32\msvcrt.dll
0x00007ffa988a0000 - 0x00007ffa98943000 	C:\WINDOWS\System32\msvcp_win.dll
0x00007ffa9a970000 - 0x00007ffa9a9a0000 	C:\WINDOWS\System32\IMM32.DLL
0x00007ffa92110000 - 0x00007ffa9211c000 	C:\Users\DELL\.jdks\openjdk-24.0.1\bin\vcruntime140_1.dll
0x00007ffa7d670000 - 0x00007ffa7d6fe000 	C:\Users\DELL\.jdks\openjdk-24.0.1\bin\msvcp140.dll
0x00007ffa3dfe0000 - 0x00007ffa3ed82000 	C:\Users\DELL\.jdks\openjdk-24.0.1\bin\server\jvm.dll
0x00007ffa9a450000 - 0x00007ffa9a503000 	C:\WINDOWS\System32\ADVAPI32.dll
0x00007ffa9a9c0000 - 0x00007ffa9aa66000 	C:\WINDOWS\System32\sechost.dll
0x00007ffa9a2a0000 - 0x00007ffa9a3b5000 	C:\WINDOWS\System32\RPCRT4.dll
0x00007ffa9a5d0000 - 0x00007ffa9a644000 	C:\WINDOWS\System32\WS2_32.dll
0x00007ffa97030000 - 0x00007ffa9708e000 	C:\WINDOWS\SYSTEM32\POWRPROF.dll
0x00007ffa8cc10000 - 0x00007ffa8cc45000 	C:\WINDOWS\SYSTEM32\WINMM.dll
0x00007ffa86840000 - 0x00007ffa8684b000 	C:\WINDOWS\SYSTEM32\VERSION.dll
0x00007ffa97010000 - 0x00007ffa97024000 	C:\WINDOWS\SYSTEM32\UMPDC.dll
0x00007ffa972f0000 - 0x00007ffa9730b000 	C:\WINDOWS\SYSTEM32\kernel.appcore.dll
0x00007ffa90be0000 - 0x00007ffa90bea000 	C:\Users\DELL\.jdks\openjdk-24.0.1\bin\jimage.dll
0x00007ffa95b20000 - 0x00007ffa95d61000 	C:\WINDOWS\SYSTEM32\DBGHELP.DLL
0x00007ffa99230000 - 0x00007ffa995b5000 	C:\WINDOWS\System32\combase.dll
0x00007ffa9b1b0000 - 0x00007ffa9b291000 	C:\WINDOWS\System32\OLEAUT32.dll
0x00007ffa91cb0000 - 0x00007ffa91ce9000 	C:\WINDOWS\SYSTEM32\dbgcore.DLL
0x00007ffa98fd0000 - 0x00007ffa99069000 	C:\WINDOWS\System32\bcryptPrimitives.dll
0x00007ffa90470000 - 0x00007ffa9047f000 	C:\Users\DELL\.jdks\openjdk-24.0.1\bin\instrument.dll
0x00007ffa85ad0000 - 0x00007ffa85aee000 	C:\Users\DELL\.jdks\openjdk-24.0.1\bin\java.dll
0x00007ffa9a750000 - 0x00007ffa9a8ee000 	C:\WINDOWS\System32\ole32.dll
0x00007ffa995c0000 - 0x00007ffa99d02000 	C:\WINDOWS\System32\SHELL32.dll
0x00007ffa984e0000 - 0x00007ffa98654000 	C:\WINDOWS\System32\wintypes.dll
0x00007ffa96090000 - 0x00007ffa968e7000 	C:\WINDOWS\SYSTEM32\windows.storage.dll
0x00007ffa9a650000 - 0x00007ffa9a741000 	C:\WINDOWS\System32\SHCORE.dll
0x00007ffa9a900000 - 0x00007ffa9a96a000 	C:\WINDOWS\System32\shlwapi.dll
0x00007ffa98360000 - 0x00007ffa9838f000 	C:\WINDOWS\SYSTEM32\profapi.dll
0x00007ffa70e80000 - 0x00007ffa70f57000 	C:\Users\DELL\.jdks\openjdk-24.0.1\bin\jsvml.dll
0x00007ffa85aa0000 - 0x00007ffa85ab7000 	C:\Users\DELL\.jdks\openjdk-24.0.1\bin\zip.dll
0x00007ffa859a0000 - 0x00007ffa859b0000 	C:\Users\DELL\.jdks\openjdk-24.0.1\bin\net.dll
0x00007ffa97840000 - 0x00007ffa978aa000 	C:\WINDOWS\system32\mswsock.dll
0x00007ffa85880000 - 0x00007ffa85896000 	C:\Users\DELL\.jdks\openjdk-24.0.1\bin\nio.dll
0x00007ffa85910000 - 0x00007ffa85919000 	C:\Users\DELL\.jdks\openjdk-24.0.1\bin\extnet.dll
0x00007ffa40ea0000 - 0x00007ffa4101e000 	C:\Users\DELL\.jdks\openjdk-24.0.1\bin\awt.dll
0x00007ffa92060000 - 0x00007ffa920fe000 	C:\WINDOWS\SYSTEM32\apphelp.dll
0x00007ffa96d60000 - 0x00007ffa96e87000 	C:\WINDOWS\SYSTEM32\DNSAPI.dll
0x00007ffa96d20000 - 0x00007ffa96d53000 	C:\WINDOWS\SYSTEM32\IPHLPAPI.DLL
0x00007ffa9a5c0000 - 0x00007ffa9a5ca000 	C:\WINDOWS\System32\NSI.dll
0x00007ffa868c0000 - 0x00007ffa868cb000 	C:\Windows\System32\rasadhlp.dll
0x00007ffa8f130000 - 0x00007ffa8f1b6000 	C:\WINDOWS\System32\fwpuclnt.dll
0x00007ffa85870000 - 0x00007ffa8587a000 	C:\Users\DELL\.jdks\openjdk-24.0.1\bin\management.dll
0x00007ffa85860000 - 0x00007ffa8586b000 	C:\Users\DELL\.jdks\openjdk-24.0.1\bin\management_ext.dll
0x00007ffa9af30000 - 0x00007ffa9af38000 	C:\WINDOWS\System32\PSAPI.DLL
0x00007ffa921c0000 - 0x00007ffa9226f000 	C:\WINDOWS\system32\uxtheme.dll
0x00007ffa9aaf0000 - 0x00007ffa9ac50000 	C:\WINDOWS\System32\MSCTF.dll
0x00007ffa92500000 - 0x00007ffa92536000 	C:\WINDOWS\system32\DWMAPI.DLL
0x00007ffa743f0000 - 0x00007ffa74504000 	C:\WINDOWS\system32\opengl32.dll
0x00007ffa7a1b0000 - 0x00007ffa7a1dd000 	C:\WINDOWS\SYSTEM32\GLU32.dll
0x00007ffa95460000 - 0x00007ffa954ad000 	C:\WINDOWS\SYSTEM32\dxcore.dll
0x00007ffa71190000 - 0x00007ffa71217000 	C:\Users\DELL\.jdks\openjdk-24.0.1\bin\freetype.dll
0x00007ffa48070000 - 0x00007ffa48147000 	C:\Users\DELL\.jdks\openjdk-24.0.1\bin\fontmanager.dll
0x00007ffa97c20000 - 0x00007ffa97c3b000 	C:\WINDOWS\SYSTEM32\CRYPTSP.dll
0x00007ffa97250000 - 0x00007ffa9728a000 	C:\WINDOWS\system32\rsaenh.dll
0x00007ffa978e0000 - 0x00007ffa9790b000 	C:\WINDOWS\SYSTEM32\USERENV.dll
0x00007ffa98330000 - 0x00007ffa98356000 	C:\WINDOWS\SYSTEM32\bcrypt.dll
0x00007ffa97a80000 - 0x00007ffa97a8c000 	C:\WINDOWS\SYSTEM32\CRYPTBASE.dll
0x00007ffa90420000 - 0x00007ffa90438000 	C:\WINDOWS\system32\napinsp.dll
0x00007ffa85c70000 - 0x00007ffa85c82000 	C:\WINDOWS\System32\winrnr.dll
0x00007ffa606b0000 - 0x00007ffa606e0000 	C:\WINDOWS\system32\nlansp_c.dll
0x00007ffa83cb0000 - 0x00007ffa83cd0000 	C:\WINDOWS\system32\wshbth.dll
0x00007ffa754d0000 - 0x00007ffa7551e000 	C:\WINDOWS\SYSTEM32\pdh.dll
0x00007ffa85430000 - 0x00007ffa85580000 	C:\WINDOWS\SYSTEM32\textinputframework.dll
0x00007ffa7fee0000 - 0x00007ffa7ff5d000 	C:\WINDOWS\system32\Oleacc.dll
0x00007ffa99180000 - 0x00007ffa99228000 	C:\WINDOWS\System32\clbcatq.dll
0x00007ffa84a40000 - 0x00007ffa84a9e000 	C:\WINDOWS\system32\ApplicationTargetedFeatureDatabase.dll
0x00007ffa863f0000 - 0x00007ffa8662a000 	C:\Windows\System32\twinapi.appcore.dll
0x00007ffa91fa0000 - 0x00007ffa91fb2000 	C:\WINDOWS\System32\perfproc.dll
0x00007ffa91d60000 - 0x00007ffa91d71000 	C:\WINDOWS\System32\perfos.dll
0x00007ffa96910000 - 0x00007ffa96922000 	C:\WINDOWS\SYSTEM32\pfclient.dll
0x00007ffa4ae30000 - 0x00007ffa4b028000 	C:\Users\DELL\AppData\Local\Temp\idea_libasyncProfiler_dll_temp_folder\libasyncProfiler.dll

JVMTI agents:
C:\Program Files\JetBrains\IntelliJ IDEA 2025.1.2\lib\idea_rt.jar path:C:\Users\DELL\.jdks\openjdk-24.0.1\bin\instrument.dll, loaded, initialized, instrumentlib options:50443

dbghelp: loaded successfully - version: 4.0.5 - missing functions: none
symbol engine: initialized successfully - sym options: 0x614 - pdb path: .;C:\Users\DELL\.jdks\openjdk-24.0.1\bin;C:\WINDOWS\SYSTEM32;C:\WINDOWS\WinSxS\amd64_microsoft.windows.common-controls_6595b64144ccf1df_6.0.26100.4202_none_3e0698d4e335f517;C:\Users\DELL\.jdks\openjdk-24.0.1\bin\server;C:\Users\DELL\AppData\Local\Temp\idea_libasyncProfiler_dll_temp_folder

VM Arguments:
jvm_args: -javaagent:C:\Program Files\JetBrains\IntelliJ IDEA 2025.1.2\lib\idea_rt.jar=50443 -Dfile.encoding=UTF-8 -Dsun.stdout.encoding=UTF-8 -Dsun.stderr.encoding=UTF-8 
java_command: Map
java_class_path (initial): C:\Users\DELL\IdeaProjects\NavigationSystem\out\production\NavigationSystem
Launcher Type: SUN_STANDARD

[Global flags]
     intx CICompilerCount                          = 4                                         {product} {ergonomic}
     uint ConcGCThreads                            = 2                                         {product} {ergonomic}
     bool FlightRecorder                           = true                                      {product} {management}
     uint G1ConcRefinementThreads                  = 8                                         {product} {ergonomic}
   size_t G1HeapRegionSize                         = 2097152                                   {product} {ergonomic}
   size_t InitialHeapSize                          = 264241152                                 {product} {ergonomic}
   size_t MarkStackSize                            = 4194304                                   {product} {ergonomic}
   size_t MarkStackSizeMax                         = 536870912                                 {product} {ergonomic}
   size_t MaxHeapSize                              = 4217372672                                {product} {ergonomic}
   size_t MaxNewSize                               = 2529165312                                {product} {ergonomic}
   size_t MinHeapDeltaBytes                        = 2097152                                   {product} {ergonomic}
   size_t MinHeapSize                              = 8388608                                   {product} {ergonomic}
    uintx NonNMethodCodeHeapSize                   = 5832704                                {pd product} {ergonomic}
    uintx NonProfiledCodeHeapSize                  = 122945536                              {pd product} {ergonomic}
    uintx ProfiledCodeHeapSize                     = 122880000                              {pd product} {ergonomic}
    uintx ReservedCodeCacheSize                    = 251658240                              {pd product} {ergonomic}
     bool SegmentedCodeCache                       = true                                      {product} {ergonomic}
   size_t SoftMaxHeapSize                          = 4217372672                             {manageable} {ergonomic}
     bool UseCompressedOops                        = true                           {product lp64_product} {ergonomic}
     bool UseG1GC                                  = true                                      {product} {ergonomic}
     bool UseLargePagesIndividualAllocation        = false                                  {pd product} {ergonomic}

Logging:
Log output configuration:
 #0: stdout all=warning uptime,level,tags foldmultilines=false
 #1: stderr all=off uptime,level,tags foldmultilines=false

Environment Variables:
PATH=C:\WINDOWS\system32;C:\WINDOWS;C:\WINDOWS\System32\Wbem;C:\WINDOWS\System32\WindowsPowerShell\v1.0\;C:\WINDOWS\System32\OpenSSH\;C:\Program Files\Git\cmd;C:\Users\DELL\AppData\Local\Microsoft\WindowsApps;C:\Users\DELL\AppData\Local\GitHubDesktop\bin
USERNAME=DELL
OS=Windows_NT
PROCESSOR_IDENTIFIER=Intel64 Family 6 Model 140 Stepping 1, GenuineIntel
TMP=C:\Users\DELL\AppData\Local\Temp
TEMP=C:\Users\DELL\AppData\Local\Temp




Periodic native trim disabled

---------------  S Y S T E M  ---------------

OS:
 Windows 11 , 64 bit Build 26100 (10.0.26100.4202)
OS uptime: 7 days 6:19 hours
Hyper-V role detected

CPU: total 8 (initial active 8) (4 cores per cpu, 2 threads per core) family 6 model 140 stepping 1 microcode 0xbc, cx8, cmov, fxsr, ht, mmx, 3dnowpref, sse, sse2, sse3, ssse3, sse4.1, sse4.2, popcnt, lzcnt, tsc, tscinvbit, avx, avx2, aes, erms, clmul, bmi1, bmi2, adx, avx512f, avx512dq, avx512cd, avx512bw, avx512vl, sha, fma, vzeroupper, avx512_vpopcntdq, avx512_vpclmulqdq, avx512_vaes, avx512_vnni, clflush, clflushopt, clwb, avx512_vbmi2, avx512_vbmi, hv, rdtscp, rdpid, fsrm, gfni, avx512_bitalg, f16c, cet_ibt, cet_ss, avx512_ifma
Processor Information for processor 0
  Max Mhz: 2611, Current Mhz: 1104, Mhz Limit: 1096
Processor Information for processor 1
  Max Mhz: 2611, Current Mhz: 1004, Mhz Limit: 1096
Processor Information for processor 2
  Max Mhz: 2611, Current Mhz: 1104, Mhz Limit: 1096
Processor Information for processor 3
  Max Mhz: 2611, Current Mhz: 1004, Mhz Limit: 1096
Processor Information for processor 4
  Max Mhz: 2611, Current Mhz: 1104, Mhz Limit: 1096
Processor Information for processor 5
  Max Mhz: 2611, Current Mhz: 1104, Mhz Limit: 1096
Processor Information for processor 6
  Max Mhz: 2611, Current Mhz: 1104, Mhz Limit: 1096
Processor Information for processor 7
  Max Mhz: 2611, Current Mhz: 1004, Mhz Limit: 1096

Memory: 4k page, system-wide physical 16087M (4126M free)
TotalPageFile size 19551M (AvailPageFile size 2179M)
current process WorkingSet (physical memory assigned to process): 127M, peak: 130M
current process commit charge ("private bytes"): 409M, peak: 420M

vm_info: OpenJDK 64-Bit Server VM (24.0.1+9-30) for windows-amd64 JRE (24.0.1+9-30), built on 2025-03-05T07:23:45Z with MS VC++ 17.6 (VS2022)

END.
